<<<<<<< HEAD
﻿Build started 10.03.2016 15:25:46.
     1>Project "C:\MyDocuments\Visual Studio 2013\Projects\lab_6\labs_OP\lab_6\lab_6.vcxproj" on node 2 (Build target(s)).
=======
﻿Build started 09.03.2016 16:31:38.
     1>Project "c:\mydocuments\visual studio 2013\Projects\lab_6\lab_6\lab_6.vcxproj" on node 2 (Build target(s)).
>>>>>>> 02ab6da10e374889f7ae0318895a0f54ecc070ba
     1>ClCompile:
         C:\Program Files (x86)\Microsoft Visual Studio 12.0\VC\bin\CL.exe /c /ZI /nologo /W3 /WX- /sdl /Od /Oy- /D WIN32 /D _DEBUG /D _CONSOLE /D _LIB /D _UNICODE /D UNICODE /Gm /EHsc /RTC1 /MDd /GS /fp:precise /Zc:wchar_t /Zc:forScope /Yu"stdafx.h" /Fp"Debug\lab_6.pch" /Fo"Debug\\" /Fd"Debug\vc120.pdb" /Gd /TP /analyze- /errorReport:prompt lab_6.cpp
         lab_6.cpp
       Link:
<<<<<<< HEAD
         C:\Program Files (x86)\Microsoft Visual Studio 12.0\VC\bin\link.exe /ERRORREPORT:PROMPT /OUT:"C:\MyDocuments\Visual Studio 2013\Projects\lab_6\labs_OP\Debug\lab_6.exe" /INCREMENTAL /NOLOGO kernel32.lib user32.lib gdi32.lib winspool.lib comdlg32.lib advapi32.lib shell32.lib ole32.lib oleaut32.lib uuid.lib odbc32.lib odbccp32.lib /MANIFEST /MANIFESTUAC:"level='asInvoker' uiAccess='false'" /manifest:embed /DEBUG /PDB:"C:\MyDocuments\Visual Studio 2013\Projects\lab_6\labs_OP\Debug\lab_6.pdb" /SUBSYSTEM:CONSOLE /TLBID:1 /DYNAMICBASE /NXCOMPAT /IMPLIB:"C:\MyDocuments\Visual Studio 2013\Projects\lab_6\labs_OP\Debug\lab_6.lib" /MACHINE:X86 Debug\lab_6.obj
         Debug\stdafx.obj
         lab_6.vcxproj -> C:\MyDocuments\Visual Studio 2013\Projects\lab_6\labs_OP\Debug\lab_6.exe
     1>Done Building Project "C:\MyDocuments\Visual Studio 2013\Projects\lab_6\labs_OP\lab_6\lab_6.vcxproj" (Build target(s)).

Build succeeded.

Time Elapsed 00:00:01.42
=======
         C:\Program Files (x86)\Microsoft Visual Studio 12.0\VC\bin\link.exe /ERRORREPORT:PROMPT /OUT:"c:\mydocuments\visual studio 2013\Projects\lab_6\Debug\lab_6.exe" /INCREMENTAL /NOLOGO kernel32.lib user32.lib gdi32.lib winspool.lib comdlg32.lib advapi32.lib shell32.lib ole32.lib oleaut32.lib uuid.lib odbc32.lib odbccp32.lib /MANIFEST /MANIFESTUAC:"level='asInvoker' uiAccess='false'" /manifest:embed /DEBUG /PDB:"c:\mydocuments\visual studio 2013\Projects\lab_6\Debug\lab_6.pdb" /SUBSYSTEM:CONSOLE /TLBID:1 /DYNAMICBASE /NXCOMPAT /IMPLIB:"c:\mydocuments\visual studio 2013\Projects\lab_6\Debug\lab_6.lib" /MACHINE:X86 Debug\lab_6.obj
         Debug\stdafx.obj
         lab_6.vcxproj -> c:\mydocuments\visual studio 2013\Projects\lab_6\Debug\lab_6.exe
     1>Done Building Project "c:\mydocuments\visual studio 2013\Projects\lab_6\lab_6\lab_6.vcxproj" (Build target(s)).

Build succeeded.

Time Elapsed 00:00:00.81
>>>>>>> 02ab6da10e374889f7ae0318895a0f54ecc070ba
